生成启动时间为 2022/4/13 15:54:09。
     1>项目“D:\Backup\Documents\GitHub\CANConfig\controlcan_dbc_demo\dbc_demo.vcxproj”在节点 2 上(rebuild 个目标)。
     1>InitializeBuildStatus:
         正在创建“Release\dbc_demo.unsuccessfulbuild”，因为已指定“AlwaysCreate”。
       ClCompile:
         D:\Program Files (x86)\Microsoft Visual Studio 10.0\VC\bin\CL.exe /c /I../include/ /Zi /nologo /W3 /WX- /O2 /Oi /Oy- /GL /D WIN32 /D _WINDOWS /D NDEBUG /D _UNICODE /D UNICODE /D _AFXDLL /Gm- /EHsc /MD /GS /Gy /fp:precise /Zc:wchar_t /Zc:forScope /Yc"StdAfx.h" /Fp"Release\dbc_demo.pch" /Fo"Release\\" /Fd"Release\vc100.pdb" /Gd /TP /analyze- /errorReport:prompt stdafx.cpp
         stdafx.cpp
         D:\Program Files (x86)\Microsoft Visual Studio 10.0\VC\bin\CL.exe /c /I../include/ /Zi /nologo /W3 /WX- /O2 /Oi /Oy- /GL /D WIN32 /D _WINDOWS /D NDEBUG /D _UNICODE /D UNICODE /D _AFXDLL /Gm- /EHsc /MD /GS /Gy /fp:precise /Zc:wchar_t /Zc:forScope /Yu"StdAfx.h" /Fp"Release\dbc_demo.pch" /Fo"Release\\" /Fd"Release\vc100.pdb" /Gd /TP /analyze- /errorReport:prompt DBCDlg_CreatFile.cpp dbc_demo.cpp dbc_demoDlg.cpp StdioFileEx.cpp utility.cpp ListCtrlEx.cpp
         DBCDlg_CreatFile.cpp
     1>DBCDlg_CreatFile.cpp(29): warning C4996: 'strcpy': This function or variable may be unsafe. Consider using strcpy_s instead. To disable deprecation, use _CRT_SECURE_NO_WARNINGS. See online help for details.
                 D:\Program Files (x86)\Microsoft Visual Studio 10.0\VC\include\string.h(105) : 参见“strcpy”的声明
         dbc_demo.cpp
         dbc_demoDlg.cpp
     1>dbc_demoDlg.cpp(381): warning C4018: “<”: 有符号/无符号不匹配
     1>dbc_demoDlg.cpp(497): warning C4996: 'strcpy': This function or variable may be unsafe. Consider using strcpy_s instead. To disable deprecation, use _CRT_SECURE_NO_WARNINGS. See online help for details.
                 D:\Program Files (x86)\Microsoft Visual Studio 10.0\VC\include\string.h(105) : 参见“strcpy”的声明
     1>dbc_demoDlg.cpp(498): warning C4996: 'strcpy': This function or variable may be unsafe. Consider using strcpy_s instead. To disable deprecation, use _CRT_SECURE_NO_WARNINGS. See online help for details.
                 D:\Program Files (x86)\Microsoft Visual Studio 10.0\VC\include\string.h(105) : 参见“strcpy”的声明
     1>dbc_demoDlg.cpp(501): warning C4996: 'strcat': This function or variable may be unsafe. Consider using strcat_s instead. To disable deprecation, use _CRT_SECURE_NO_WARNINGS. See online help for details.
                 D:\Program Files (x86)\Microsoft Visual Studio 10.0\VC\include\string.h(110) : 参见“strcat”的声明
     1>dbc_demoDlg.cpp(511): warning C4996: 'strcat': This function or variable may be unsafe. Consider using strcat_s instead. To disable deprecation, use _CRT_SECURE_NO_WARNINGS. See online help for details.
                 D:\Program Files (x86)\Microsoft Visual Studio 10.0\VC\include\string.h(110) : 参见“strcat”的声明
     1>dbc_demoDlg.cpp(522): warning C4996: 'strcpy': This function or variable may be unsafe. Consider using strcpy_s instead. To disable deprecation, use _CRT_SECURE_NO_WARNINGS. See online help for details.
                 D:\Program Files (x86)\Microsoft Visual Studio 10.0\VC\include\string.h(105) : 参见“strcpy”的声明
     1>dbc_demoDlg.cpp(523): warning C4996: 'strcpy': This function or variable may be unsafe. Consider using strcpy_s instead. To disable deprecation, use _CRT_SECURE_NO_WARNINGS. See online help for details.
                 D:\Program Files (x86)\Microsoft Visual Studio 10.0\VC\include\string.h(105) : 参见“strcpy”的声明
     1>dbc_demoDlg.cpp(451): warning C4101: “end”: 未引用的局部变量
     1>dbc_demoDlg.cpp(451): warning C4101: “start”: 未引用的局部变量
         StdioFileEx.cpp
         utility.cpp
         ListCtrlEx.cpp
       ResourceCompile:
         C:\Program Files (x86)\Microsoft SDKs\Windows\v7.0A\bin\rc.exe /D NDEBUG /D _UNICODE /D UNICODE /D _AFXDLL /l"0x0804" /IRelease\ /nologo /fo"Release\dbc_demo.res" dbc_demo.rc 
       Link:
         D:\Program Files (x86)\Microsoft Visual Studio 10.0\VC\bin\link.exe /ERRORREPORT:PROMPT /OUT:"D:\Backup\Documents\GitHub\CANConfig\controlcan_dbc_demo\Release\dbc_demo.exe" /INCREMENTAL:NO /NOLOGO /LIBPATH:../Lib/ LibDBCManager.lib ControlCAN.lib /MANIFEST /ManifestFile:"Release\dbc_demo.exe.intermediate.manifest" /MANIFESTUAC:"level='asInvoker' uiAccess='false'" /DEBUG /PDB:"D:\Backup\Documents\GitHub\CANConfig\controlcan_dbc_demo\Release\dbc_demo.pdb" /SUBSYSTEM:WINDOWS /OPT:REF /OPT:ICF /LTCG /TLBID:1 /ENTRY:"wWinMainCRTStartup" /DYNAMICBASE /NXCOMPAT /IMPLIB:"D:\Backup\Documents\GitHub\CANConfig\controlcan_dbc_demo\Release\dbc_demo.lib" /MACHINE:X86 Release\dbc_demo.res
         Release\DBCDlg_CreatFile.obj
         Release\dbc_demo.obj
         Release\dbc_demoDlg.obj
         Release\stdafx.obj
         Release\StdioFileEx.obj
         Release\utility.obj
         Release\ListCtrlEx.obj
         正在生成代码
         已完成代码的生成
         dbc_demo.vcxproj -> D:\Backup\Documents\GitHub\CANConfig\controlcan_dbc_demo\Release\dbc_demo.exe
       Manifest:
         C:\Program Files (x86)\Microsoft SDKs\Windows\v7.0A\bin\mt.exe /nologo /verbose /outputresource:"D:\Backup\Documents\GitHub\CANConfig\controlcan_dbc_demo\Release\dbc_demo.exe;#1" /manifest Release\dbc_demo.exe.intermediate.manifest "D:\Program Files (x86)\Microsoft Visual Studio 10.0\VC\Include\Manifest\dpiaware.manifest"
       FinalizeBuildStatus:
         正在删除文件“Release\dbc_demo.unsuccessfulbuild”。
         正在对“Release\dbc_demo.lastbuildstate”执行 Touch 任务。
     1>已完成生成项目“D:\Backup\Documents\GitHub\CANConfig\controlcan_dbc_demo\dbc_demo.vcxproj”(rebuild 个目标)的操作。

生成成功。

已用时间 00:00:08.10
