E:\DESKTOPA\20200622\DBCDEMO\DBC_SDK_X86\CONTROLCAN_DBC_DEMO\BIN\DBC_DEMO.EXE
E:\DeskTopA\20200622\DBCDEMO\DBC_SDK_x86\controlcan_dbc_demo\controlcan_dbc_demo\Release\cl.command.1.tlog
E:\DeskTopA\20200622\DBCDEMO\DBC_SDK_x86\controlcan_dbc_demo\controlcan_dbc_demo\Release\CL.read.1.tlog
E:\DeskTopA\20200622\DBCDEMO\DBC_SDK_x86\controlcan_dbc_demo\controlcan_dbc_demo\Release\CL.write.1.tlog
E:\DESKTOPA\20200622\DBCDEMO\DBC_SDK_X86\CONTROLCAN_DBC_DEMO\CONTROLCAN_DBC_DEMO\RELEASE\DBC_DEMO.EXE.INTERMEDIATE.MANIFEST
E:\DESKTOPA\20200622\DBCDEMO\DBC_SDK_X86\CONTROLCAN_DBC_DEMO\CONTROLCAN_DBC_DEMO\RELEASE\DBC_DEMO.OBJ
E:\DESKTOPA\20200622\DBCDEMO\DBC_SDK_X86\CONTROLCAN_DBC_DEMO\CONTROLCAN_DBC_DEMO\RELEASE\DBC_DEMO.PCH
E:\DESKTOPA\20200622\DBCDEMO\DBC_SDK_X86\CONTROLCAN_DBC_DEMO\CONTROLCAN_DBC_DEMO\RELEASE\DBC_DEMO.PDB
E:\DESKTOPA\20200622\DBCDEMO\DBC_SDK_X86\CONTROLCAN_DBC_DEMO\CONTROLCAN_DBC_DEMO\RELEASE\DBC_DEMO.RES
E:\DeskTopA\20200622\DBCDEMO\DBC_SDK_x86\controlcan_dbc_demo\controlcan_dbc_demo\Release\dbc_demo.write.1.tlog
E:\DESKTOPA\20200622\DBCDEMO\DBC_SDK_X86\CONTROLCAN_DBC_DEMO\CONTROLCAN_DBC_DEMO\RELEASE\DBC_DEMODLG.OBJ
E:\DeskTopA\20200622\DBCDEMO\DBC_SDK_x86\controlcan_dbc_demo\controlcan_dbc_demo\Release\link.command.1.tlog
E:\DeskTopA\20200622\DBCDEMO\DBC_SDK_x86\controlcan_dbc_demo\controlcan_dbc_demo\Release\link.read.1.tlog
E:\DeskTopA\20200622\DBCDEMO\DBC_SDK_x86\controlcan_dbc_demo\controlcan_dbc_demo\Release\link.write.1.tlog
E:\DeskTopA\20200622\DBCDEMO\DBC_SDK_x86\controlcan_dbc_demo\controlcan_dbc_demo\Release\link-cvtres.read.1.tlog
E:\DeskTopA\20200622\DBCDEMO\DBC_SDK_x86\controlcan_dbc_demo\controlcan_dbc_demo\Release\link-cvtres.write.1.tlog
E:\DESKTOPA\20200622\DBCDEMO\DBC_SDK_X86\CONTROLCAN_DBC_DEMO\CONTROLCAN_DBC_DEMO\RELEASE\LISTCTRLEX.OBJ
E:\DeskTopA\20200622\DBCDEMO\DBC_SDK_x86\controlcan_dbc_demo\controlcan_dbc_demo\Release\mt.command.1.tlog
E:\DeskTopA\20200622\DBCDEMO\DBC_SDK_x86\controlcan_dbc_demo\controlcan_dbc_demo\Release\mt.read.1.tlog
E:\DeskTopA\20200622\DBCDEMO\DBC_SDK_x86\controlcan_dbc_demo\controlcan_dbc_demo\Release\mt.write.1.tlog
E:\DeskTopA\20200622\DBCDEMO\DBC_SDK_x86\controlcan_dbc_demo\controlcan_dbc_demo\Release\rc.command.1.tlog
E:\DeskTopA\20200622\DBCDEMO\DBC_SDK_x86\controlcan_dbc_demo\controlcan_dbc_demo\Release\rc.read.1.tlog
E:\DeskTopA\20200622\DBCDEMO\DBC_SDK_x86\controlcan_dbc_demo\controlcan_dbc_demo\Release\rc.write.1.tlog
E:\DESKTOPA\20200622\DBCDEMO\DBC_SDK_X86\CONTROLCAN_DBC_DEMO\CONTROLCAN_DBC_DEMO\RELEASE\STDAFX.OBJ
E:\DESKTOPA\20200622\DBCDEMO\DBC_SDK_X86\CONTROLCAN_DBC_DEMO\CONTROLCAN_DBC_DEMO\RELEASE\UTILITY.OBJ
E:\DESKTOPA\20200622\DBCDEMO\DBC_SDK_X86\CONTROLCAN_DBC_DEMO\CONTROLCAN_DBC_DEMO\RELEASE\VC100.PDB
