E:\DeskTopA\20200622\DBCDEMO\DBC_SDK_x86\controlcan_dbc_demo\controlcan_dbc_demo\Debug\cl.command.1.tlog
E:\DeskTopA\20200622\DBCDEMO\DBC_SDK_x86\controlcan_dbc_demo\controlcan_dbc_demo\Debug\CL.read.1.tlog
E:\DeskTopA\20200622\DBCDEMO\DBC_SDK_x86\controlcan_dbc_demo\controlcan_dbc_demo\Debug\CL.write.1.tlog
E:\DESKTOPA\20200622\DBCDEMO\DBC_SDK_X86\CONTROLCAN_DBC_DEMO\CONTROLCAN_DBC_DEMO\DEBUG\DBC_DEMO.EXE
E:\DESKTOPA\20200622\DBCDEMO\DBC_SDK_X86\CONTROLCAN_DBC_DEMO\CONTROLCAN_DBC_DEMO\DEBUG\DBC_DEMO.EXE.EMBED.MANIFEST
E:\DESKTOPA\20200622\DBCDEMO\DBC_SDK_X86\CONTROLCAN_DBC_DEMO\CONTROLCAN_DBC_DEMO\DEBUG\DBC_DEMO.EXE.EMBED.MANIFEST.RES
E:\DESKTOPA\20200622\DBCDEMO\DBC_SDK_X86\CONTROLCAN_DBC_DEMO\CONTROLCAN_DBC_DEMO\DEBUG\DBC_DEMO.EXE.INTERMEDIATE.MANIFEST
E:\DESKTOPA\20200622\DBCDEMO\DBC_SDK_X86\CONTROLCAN_DBC_DEMO\CONTROLCAN_DBC_DEMO\DEBUG\DBC_DEMO.ILK
E:\DESKTOPA\20200622\DBCDEMO\DBC_SDK_X86\CONTROLCAN_DBC_DEMO\CONTROLCAN_DBC_DEMO\DEBUG\DBC_DEMO.OBJ
E:\DESKTOPA\20200622\DBCDEMO\DBC_SDK_X86\CONTROLCAN_DBC_DEMO\CONTROLCAN_DBC_DEMO\DEBUG\DBC_DEMO.PCH
E:\DESKTOPA\20200622\DBCDEMO\DBC_SDK_X86\CONTROLCAN_DBC_DEMO\CONTROLCAN_DBC_DEMO\DEBUG\DBC_DEMO.PDB
E:\DESKTOPA\20200622\DBCDEMO\DBC_SDK_X86\CONTROLCAN_DBC_DEMO\CONTROLCAN_DBC_DEMO\DEBUG\DBC_DEMO.RES
E:\DeskTopA\20200622\DBCDEMO\DBC_SDK_x86\controlcan_dbc_demo\controlcan_dbc_demo\Debug\dbc_demo.write.1.tlog
E:\DeskTopA\20200622\DBCDEMO\DBC_SDK_x86\controlcan_dbc_demo\controlcan_dbc_demo\Debug\dbc_demo_manifest.rc
E:\DESKTOPA\20200622\DBCDEMO\DBC_SDK_X86\CONTROLCAN_DBC_DEMO\CONTROLCAN_DBC_DEMO\DEBUG\DBC_DEMODLG.OBJ
E:\DESKTOPA\20200622\DBCDEMO\DBC_SDK_X86\CONTROLCAN_DBC_DEMO\CONTROLCAN_DBC_DEMO\DEBUG\DBCDLG_CREATFILE.OBJ
E:\DeskTopA\20200622\DBCDEMO\DBC_SDK_x86\controlcan_dbc_demo\controlcan_dbc_demo\Debug\link.command.1.tlog
E:\DeskTopA\20200622\DBCDEMO\DBC_SDK_x86\controlcan_dbc_demo\controlcan_dbc_demo\Debug\link.read.1.tlog
E:\DeskTopA\20200622\DBCDEMO\DBC_SDK_x86\controlcan_dbc_demo\controlcan_dbc_demo\Debug\link.write.1.tlog
E:\DeskTopA\20200622\DBCDEMO\DBC_SDK_x86\controlcan_dbc_demo\controlcan_dbc_demo\Debug\link-cvtres.read.1.tlog
E:\DeskTopA\20200622\DBCDEMO\DBC_SDK_x86\controlcan_dbc_demo\controlcan_dbc_demo\Debug\link-cvtres.write.1.tlog
E:\DESKTOPA\20200622\DBCDEMO\DBC_SDK_X86\CONTROLCAN_DBC_DEMO\CONTROLCAN_DBC_DEMO\DEBUG\LISTCTRLEX.OBJ
E:\DeskTopA\20200622\DBCDEMO\DBC_SDK_x86\controlcan_dbc_demo\controlcan_dbc_demo\Debug\mt.command.1.tlog
E:\DeskTopA\20200622\DBCDEMO\DBC_SDK_x86\controlcan_dbc_demo\controlcan_dbc_demo\Debug\mt.read.1.tlog
E:\DeskTopA\20200622\DBCDEMO\DBC_SDK_x86\controlcan_dbc_demo\controlcan_dbc_demo\Debug\mt.write.1.tlog
E:\DeskTopA\20200622\DBCDEMO\DBC_SDK_x86\controlcan_dbc_demo\controlcan_dbc_demo\Debug\rc.command.1.tlog
E:\DeskTopA\20200622\DBCDEMO\DBC_SDK_x86\controlcan_dbc_demo\controlcan_dbc_demo\Debug\rc.read.1.tlog
E:\DeskTopA\20200622\DBCDEMO\DBC_SDK_x86\controlcan_dbc_demo\controlcan_dbc_demo\Debug\rc.write.1.tlog
E:\DESKTOPA\20200622\DBCDEMO\DBC_SDK_X86\CONTROLCAN_DBC_DEMO\CONTROLCAN_DBC_DEMO\DEBUG\STDAFX.OBJ
E:\DESKTOPA\20200622\DBCDEMO\DBC_SDK_X86\CONTROLCAN_DBC_DEMO\CONTROLCAN_DBC_DEMO\DEBUG\STDIOFILEEX.OBJ
E:\DESKTOPA\20200622\DBCDEMO\DBC_SDK_X86\CONTROLCAN_DBC_DEMO\CONTROLCAN_DBC_DEMO\DEBUG\UTILITY.OBJ
E:\DeskTopA\20200622\DBCDEMO\DBC_SDK_x86\controlcan_dbc_demo\controlcan_dbc_demo\Debug\vc100.idb
E:\DESKTOPA\20200622\DBCDEMO\DBC_SDK_X86\CONTROLCAN_DBC_DEMO\CONTROLCAN_DBC_DEMO\DEBUG\VC100.PDB
