生成启动时间为 2023/12/29 13:53:31。
     1>项目“F:\Designer\Pro\C++\CANConfig\CANConfig\controlcan_dbc_demo\dbc_demo.vcxproj”在节点 2 上(rebuild 个目标)。
     1>_PrepareForClean:
         正在删除文件“Debug\dbc_demo.lastbuildstate”。
       InitializeBuildStatus:
         正在创建“Debug\dbc_demo.unsuccessfulbuild”，因为已指定“AlwaysCreate”。
       ClCompile:
         C:\Program Files (x86)\Microsoft Visual Studio 10.0\VC\bin\CL.exe /c /I../include/ /ZI /nologo /W3 /WX- /Od /Oy- /D WIN32 /D _WINDOWS /D _DEBUG /D _UNICODE /D UNICODE /D _AFXDLL /Gm /EHsc /RTC1 /MDd /GS /fp:precise /Zc:wchar_t /Zc:forScope /Yc"StdAfx.h" /Fp"Debug\dbc_demo.pch" /Fo"Debug\\" /Fd"Debug\vc100.pdb" /Gd /TP /analyze- /errorReport:prompt stdafx.cpp
         stdafx.cpp
         C:\Program Files (x86)\Microsoft Visual Studio 10.0\VC\bin\CL.exe /c /I../include/ /ZI /nologo /W3 /WX- /Od /Oy- /D WIN32 /D _WINDOWS /D _DEBUG /D _UNICODE /D UNICODE /D _AFXDLL /Gm /EHsc /RTC1 /MDd /GS /fp:precise /Zc:wchar_t /Zc:forScope /Yu"StdAfx.h" /Fp"Debug\dbc_demo.pch" /Fo"Debug\\" /Fd"Debug\vc100.pdb" /Gd /TP /analyze- /errorReport:prompt DBCDlg_CreatFile.cpp dbc_demo.cpp dbc_demoDlg.cpp StdioFileEx.cpp utility.cpp ListCtrlEx.cpp
         ListCtrlEx.cpp
         utility.cpp
         StdioFileEx.cpp
         dbc_demoDlg.cpp
     1>f:\designer\pro\c++\canconfig\canconfig\controlcan_dbc_demo\dbc_demodlg.cpp(381): warning C4018: “<”: 有符号/无符号不匹配
     1>f:\designer\pro\c++\canconfig\canconfig\controlcan_dbc_demo\dbc_demodlg.cpp(497): warning C4996: 'strcpy': This function or variable may be unsafe. Consider using strcpy_s instead. To disable deprecation, use _CRT_SECURE_NO_WARNINGS. See online help for details.
                 c:\program files (x86)\microsoft visual studio 10.0\vc\include\string.h(105) : 参见“strcpy”的声明
     1>f:\designer\pro\c++\canconfig\canconfig\controlcan_dbc_demo\dbc_demodlg.cpp(498): warning C4996: 'strcpy': This function or variable may be unsafe. Consider using strcpy_s instead. To disable deprecation, use _CRT_SECURE_NO_WARNINGS. See online help for details.
                 c:\program files (x86)\microsoft visual studio 10.0\vc\include\string.h(105) : 参见“strcpy”的声明
     1>f:\designer\pro\c++\canconfig\canconfig\controlcan_dbc_demo\dbc_demodlg.cpp(501): warning C4996: 'strcat': This function or variable may be unsafe. Consider using strcat_s instead. To disable deprecation, use _CRT_SECURE_NO_WARNINGS. See online help for details.
                 c:\program files (x86)\microsoft visual studio 10.0\vc\include\string.h(110) : 参见“strcat”的声明
     1>f:\designer\pro\c++\canconfig\canconfig\controlcan_dbc_demo\dbc_demodlg.cpp(517): warning C4996: 'strcat': This function or variable may be unsafe. Consider using strcat_s instead. To disable deprecation, use _CRT_SECURE_NO_WARNINGS. See online help for details.
                 c:\program files (x86)\microsoft visual studio 10.0\vc\include\string.h(110) : 参见“strcat”的声明
     1>f:\designer\pro\c++\canconfig\canconfig\controlcan_dbc_demo\dbc_demodlg.cpp(529): warning C4996: 'strcpy': This function or variable may be unsafe. Consider using strcpy_s instead. To disable deprecation, use _CRT_SECURE_NO_WARNINGS. See online help for details.
                 c:\program files (x86)\microsoft visual studio 10.0\vc\include\string.h(105) : 参见“strcpy”的声明
     1>f:\designer\pro\c++\canconfig\canconfig\controlcan_dbc_demo\dbc_demodlg.cpp(530): warning C4996: 'strcpy': This function or variable may be unsafe. Consider using strcpy_s instead. To disable deprecation, use _CRT_SECURE_NO_WARNINGS. See online help for details.
                 c:\program files (x86)\microsoft visual studio 10.0\vc\include\string.h(105) : 参见“strcpy”的声明
     1>f:\designer\pro\c++\canconfig\canconfig\controlcan_dbc_demo\dbc_demodlg.cpp(451): warning C4101: “end”: 未引用的局部变量
     1>f:\designer\pro\c++\canconfig\canconfig\controlcan_dbc_demo\dbc_demodlg.cpp(451): warning C4101: “start”: 未引用的局部变量
         dbc_demo.cpp
         DBCDlg_CreatFile.cpp
     1>f:\designer\pro\c++\canconfig\canconfig\controlcan_dbc_demo\dbcdlg_creatfile.cpp(29): warning C4996: 'strcpy': This function or variable may be unsafe. Consider using strcpy_s instead. To disable deprecation, use _CRT_SECURE_NO_WARNINGS. See online help for details.
                 c:\program files (x86)\microsoft visual studio 10.0\vc\include\string.h(105) : 参见“strcpy”的声明
         正在生成代码...
       ResourceCompile:
         C:\Program Files (x86)\Microsoft SDKs\Windows\v7.0A\bin\rc.exe /D _DEBUG /D _UNICODE /D UNICODE /D _AFXDLL /l"0x0804" /IDebug\ /nologo /fo"Debug\dbc_demo.res" dbc_demo.rc 
       ManifestResourceCompile:
         C:\Program Files (x86)\Microsoft SDKs\Windows\v7.0A\bin\rc.exe /nologo /fo"Debug\dbc_demo.exe.embed.manifest.res" Debug\dbc_demo_manifest.rc 
       Link:
         C:\Program Files (x86)\Microsoft Visual Studio 10.0\VC\bin\link.exe /ERRORREPORT:PROMPT /OUT:"F:\Designer\Pro\C++\CANConfig\CANConfig\controlcan_dbc_demo\Debug\dbc_demo.exe" /INCREMENTAL /NOLOGO /LIBPATH:../Lib/ LibDBCManager.lib ControlCAN.lib /MANIFEST /ManifestFile:"Debug\dbc_demo.exe.intermediate.manifest" /MANIFESTUAC:"level='asInvoker' uiAccess='false'" /DEBUG /PDB:"F:\Designer\Pro\C++\CANConfig\CANConfig\controlcan_dbc_demo\Debug\dbc_demo.pdb" /SUBSYSTEM:WINDOWS /TLBID:1 /ENTRY:"wWinMainCRTStartup" /DYNAMICBASE /NXCOMPAT /IMPLIB:"F:\Designer\Pro\C++\CANConfig\CANConfig\controlcan_dbc_demo\Debug\dbc_demo.lib" /MACHINE:X86 Debug\dbc_demo.res
         Debug\dbc_demo.exe.embed.manifest.res
         Debug\DBCDlg_CreatFile.obj
         Debug\dbc_demo.obj
         Debug\dbc_demoDlg.obj
         Debug\stdafx.obj
         Debug\StdioFileEx.obj
         Debug\utility.obj
         Debug\ListCtrlEx.obj
       Manifest:
         正在删除文件“Debug\dbc_demo.exe.embed.manifest”。
         C:\Program Files (x86)\Microsoft SDKs\Windows\v7.0A\bin\mt.exe /nologo /verbose /out:"Debug\dbc_demo.exe.embed.manifest" /manifest Debug\dbc_demo.exe.intermediate.manifest "C:\Program Files (x86)\Microsoft Visual Studio 10.0\VC\Include\Manifest\dpiaware.manifest"
         C:\Program Files (x86)\Microsoft SDKs\Windows\v7.0A\bin\rc.exe /nologo /fo"Debug\dbc_demo.exe.embed.manifest.res" Debug\dbc_demo_manifest.rc 
       LinkEmbedManifest:
         C:\Program Files (x86)\Microsoft Visual Studio 10.0\VC\bin\link.exe /ERRORREPORT:PROMPT /OUT:"F:\Designer\Pro\C++\CANConfig\CANConfig\controlcan_dbc_demo\Debug\dbc_demo.exe" /INCREMENTAL /NOLOGO /LIBPATH:../Lib/ LibDBCManager.lib ControlCAN.lib /MANIFEST /ManifestFile:"Debug\dbc_demo.exe.intermediate.manifest" /MANIFESTUAC:"level='asInvoker' uiAccess='false'" /DEBUG /PDB:"F:\Designer\Pro\C++\CANConfig\CANConfig\controlcan_dbc_demo\Debug\dbc_demo.pdb" /SUBSYSTEM:WINDOWS /TLBID:1 /ENTRY:"wWinMainCRTStartup" /DYNAMICBASE /NXCOMPAT /IMPLIB:"F:\Designer\Pro\C++\CANConfig\CANConfig\controlcan_dbc_demo\Debug\dbc_demo.lib" /MACHINE:X86 Debug\dbc_demo.res
         Debug\dbc_demo.exe.embed.manifest.res
         Debug\DBCDlg_CreatFile.obj
         Debug\dbc_demo.obj
         Debug\dbc_demoDlg.obj
         Debug\stdafx.obj
         Debug\StdioFileEx.obj
         Debug\utility.obj
         Debug\ListCtrlEx.obj
         dbc_demo.vcxproj -> F:\Designer\Pro\C++\CANConfig\CANConfig\controlcan_dbc_demo\Debug\dbc_demo.exe
       FinalizeBuildStatus:
         正在删除文件“Debug\dbc_demo.unsuccessfulbuild”。
         正在对“Debug\dbc_demo.lastbuildstate”执行 Touch 任务。
     1>已完成生成项目“F:\Designer\Pro\C++\CANConfig\CANConfig\controlcan_dbc_demo\dbc_demo.vcxproj”(rebuild 个目标)的操作。

生成成功。

已用时间 00:00:03.80
